<?xml version="1.0" encoding="UTF-8"?>
<!-- Generated by org.testng.reporters.JUnitReportReporter -->
<testsuite hostname="DESKTOP-OJ791Q5" failures="0" tests="4" name="DataDriven.jxlExcel" time="21.482" errors="0" timestamp="2022-07-07T19:29:47 BST" skipped="0">
  <testcase classname="DataDriven.jxlExcel" name="loginwithincorrectusername" time="5.220"/>
  <system-out/>
  <testcase classname="DataDriven.jxlExcel" name="loginwithincorrectusername" time="5.126"/>
  <system-out/>
  <testcase classname="DataDriven.jxlExcel" name="loginwithincorrectusername" time="5.257"/>
  <system-out/>
  <testcase classname="DataDriven.jxlExcel" name="loginwithincorrectusername" time="5.879"/>
  <system-out/>
</testsuite> <!-- DataDriven.jxlExcel -->
