<?xml version="1.0" encoding="UTF-8"?>
<!-- Generated by org.testng.reporters.JUnitReportReporter -->
<testsuite hostname="DESKTOP-OJ791Q5" failures="0" tests="1" name="DataExcel.ReadWriteInExcel" time="0.000" errors="0" timestamp="2022-07-08T14:46:37 BST" skipped="1">
  <testcase classname="DataExcel.ReadWriteInExcel" name="loginTest" time="0.000">
    <skipped/>
  </testcase> <!-- loginTest -->
  <system-out/>
</testsuite> <!-- DataExcel.ReadWriteInExcel -->
