<?xml version="1.0" encoding="UTF-8"?>
<!-- Generated by org.testng.reporters.JUnitReportReporter -->
<testsuite hostname="DESKTOP-OJ791Q5" failures="0" tests="4" name="DataDriven.Ddriven" time="22.293" errors="0" timestamp="2022-06-03T15:03:59 BST" skipped="0">
  <testcase classname="DataDriven.Ddriven" name="loginwithincorrectusername" time="5.212"/>
  <system-out/>
  <testcase classname="DataDriven.Ddriven" name="loginwithincorrectusername" time="5.782"/>
  <system-out/>
  <testcase classname="DataDriven.Ddriven" name="loginwithincorrectusername" time="5.440"/>
  <system-out/>
  <testcase classname="DataDriven.Ddriven" name="loginwithincorrectusername" time="5.859"/>
  <system-out/>
</testsuite> <!-- DataDriven.Ddriven -->
