<?xml version="1.0" encoding="UTF-8"?>
<!-- Generated by org.testng.reporters.JUnitReportReporter -->
<testsuite hostname="DESKTOP-OJ791Q5" failures="0" tests="1" name="testCase.LoginTestCase" time="8.338" errors="0" timestamp="2022-07-04T19:31:43 BST" skipped="0">
  <testcase classname="testCase.LoginTestCase" name="login" time="8.338"/>
  <system-out/>
</testsuite> <!-- testCase.LoginTestCase -->
