<?xml version="1.0" encoding="UTF-8"?>
<!-- Generated by org.testng.reporters.JUnitReportReporter -->
<testsuite hostname="DESKTOP-OJ791Q5" failures="0" tests="1" name="DataDriven.excelDtataDriven" time="0.000" errors="0" timestamp="2022-07-08T12:07:32 BST" skipped="1">
  <testcase classname="DataDriven.excelDtataDriven" name="loginwithincorrectusername" time="0.000">
    <skipped/>
  </testcase> <!-- loginwithincorrectusername -->
  <system-out/>
</testsuite> <!-- DataDriven.excelDtataDriven -->
